<?xml version="1.0" encoding="utf-8"?>
<TestRun id="bf30c066-8853-4736-b9ab-cb770e70d082" name="89681@CY 2025-06-25 13:30:18" runUser="CY\89681" xmlns="http://microsoft.com/schemas/VisualStudio/TeamTest/2010">
  <Times creation="2025-06-25T13:30:18.2767701+08:00" queuing="2025-06-25T13:30:18.2767706+08:00" start="2025-06-25T13:30:17.8647003+08:00" finish="2025-06-25T13:30:19.3326455+08:00" />
  <TestSettings name="default" id="dd87a0d3-644f-4f94-aa7f-ddf79279216e">
    <Deployment runDeploymentRoot="89681_CY_2025-06-25_13_30_18" />
  </TestSettings>
  <Results>
    <UnitTestResult executionId="e942259d-0a52-4dc4-8dad-4c061f016503" testId="72ef346c-0cc5-19be-ca59-ff625649ef64" testName="FarmGear_Application.Tests.Integration.EquipmentControllerIntegrationTests.GetMyEquipmentList_WithoutAuthentication_ReturnsUnauthorized" computerName="CY" duration="00:00:00.0135614" startTime="2025-06-25T13:30:19.2091617+08:00" endTime="2025-06-25T13:30:19.2091618+08:00" testType="13cdc9d9-ddb5-4fa4-a97d-d965ccfc6d4b" outcome="Passed" testListId="8c84fa94-04c1-424b-9868-57a2d4851a1d" relativeResultsDirectory="e942259d-0a52-4dc4-8dad-4c061f016503" />
    <UnitTestResult executionId="a2e31a83-38e9-4bdd-b8aa-23a2abc48744" testId="ad6e4cb6-11b0-fac9-f91e-c2553f41b5bf" testName="FarmGear_Application.Tests.Controllers.EquipmentControllerTests.UpdateEquipment_EquipmentNotExists_ReturnsNotFound" computerName="CY" duration="00:00:00.0015544" startTime="2025-06-25T13:30:18.2464365+08:00" endTime="2025-06-25T13:30:18.2464368+08:00" testType="13cdc9d9-ddb5-4fa4-a97d-d965ccfc6d4b" outcome="Passed" testListId="8c84fa94-04c1-424b-9868-57a2d4851a1d" relativeResultsDirectory="a2e31a83-38e9-4bdd-b8aa-23a2abc48744" />
    <UnitTestResult executionId="bc6b2224-61d8-4b25-90a4-140dc76febe6" testId="16282afc-407c-a57f-ea15-ba7c43ae98cf" testName="FarmGear_Application.Tests.Controllers.EquipmentControllerTests.DeleteEquipment_AsAdmin_CallsServiceWithAdminFlag" computerName="CY" duration="00:00:00.0024920" startTime="2025-06-25T13:30:18.2447994+08:00" endTime="2025-06-25T13:30:18.2447996+08:00" testType="13cdc9d9-ddb5-4fa4-a97d-d965ccfc6d4b" outcome="Passed" testListId="8c84fa94-04c1-424b-9868-57a2d4851a1d" relativeResultsDirectory="bc6b2224-61d8-4b25-90a4-140dc76febe6" />
    <UnitTestResult executionId="48533a52-d088-4c6a-bf77-47277d2004a8" testId="ace5f719-1406-f845-d87d-f7398c862269" testName="FarmGear_Application.Tests.Controllers.EquipmentControllerTests.GetEquipmentList_ServiceError_ReturnsBadRequest" computerName="CY" duration="00:00:00.0007486" startTime="2025-06-25T13:30:18.2472169+08:00" endTime="2025-06-25T13:30:18.2472170+08:00" testType="13cdc9d9-ddb5-4fa4-a97d-d965ccfc6d4b" outcome="Passed" testListId="8c84fa94-04c1-424b-9868-57a2d4851a1d" relativeResultsDirectory="48533a52-d088-4c6a-bf77-47277d2004a8" />
    <UnitTestResult executionId="fadd8751-8604-46bf-8123-9fad03a056de" testId="1c54b09a-3a35-2396-4214-b9ae98b8ac11" testName="FarmGear_Application.Tests.Controllers.EquipmentControllerTests.DeleteEquipment_HasActiveOrders_ReturnsConflict" computerName="CY" duration="00:00:00.0014305" startTime="2025-06-25T13:30:18.2375925+08:00" endTime="2025-06-25T13:30:18.2375925+08:00" testType="13cdc9d9-ddb5-4fa4-a97d-d965ccfc6d4b" outcome="Passed" testListId="8c84fa94-04c1-424b-9868-57a2d4851a1d" relativeResultsDirectory="fadd8751-8604-46bf-8123-9fad03a056de" />
    <UnitTestResult executionId="1f434c53-bd25-4b5c-909d-78512e659373" testId="374e1850-00a9-9380-78d8-24f57b72af6c" testName="FarmGear_Application.Tests.Integration.EquipmentControllerIntegrationTests.UpdateEquipment_WithoutAuthentication_ReturnsUnauthorized" computerName="CY" duration="00:00:00.0153349" startTime="2025-06-25T13:30:19.2840368+08:00" endTime="2025-06-25T13:30:19.2840368+08:00" testType="13cdc9d9-ddb5-4fa4-a97d-d965ccfc6d4b" outcome="Passed" testListId="8c84fa94-04c1-424b-9868-57a2d4851a1d" relativeResultsDirectory="1f434c53-bd25-4b5c-909d-78512e659373" />
    <UnitTestResult executionId="7caa0fc8-0fb2-494c-90b8-356da8e51a8f" testId="1dcc2a84-b1ea-dab9-874c-567be9e423ef" testName="FarmGear_Application.Tests.Controllers.EquipmentControllerTests.GetMyEquipmentList_ValidRequest_ReturnsOkResult" computerName="CY" duration="00:00:00.0009310" startTime="2025-06-25T13:30:18.2636282+08:00" endTime="2025-06-25T13:30:18.2636282+08:00" testType="13cdc9d9-ddb5-4fa4-a97d-d965ccfc6d4b" outcome="Passed" testListId="8c84fa94-04c1-424b-9868-57a2d4851a1d" relativeResultsDirectory="7caa0fc8-0fb2-494c-90b8-356da8e51a8f" />
    <UnitTestResult executionId="b0b498c4-7c2e-47a1-8837-35c27fda3f60" testId="df57ce66-fcd7-e157-3a04-8493cada1bcc" testName="FarmGear_Application.Tests.Controllers.EquipmentControllerTests.UpdateEquipment_NoPermission_ReturnsForbid" computerName="CY" duration="00:00:00.0009456" startTime="2025-06-25T13:30:18.2636078+08:00" endTime="2025-06-25T13:30:18.2636079+08:00" testType="13cdc9d9-ddb5-4fa4-a97d-d965ccfc6d4b" outcome="Passed" testListId="8c84fa94-04c1-424b-9868-57a2d4851a1d" relativeResultsDirectory="b0b498c4-7c2e-47a1-8837-35c27fda3f60" />
    <UnitTestResult executionId="75022ad3-88a5-49ac-9bd2-a6abad078320" testId="a23b123c-5f3d-df99-f44e-2d75fd77364f" testName="FarmGear_Application.Tests.Controllers.EquipmentControllerTests.GetEquipmentList_ExceptionThrown_ReturnsInternalServerError" computerName="CY" duration="00:00:00.0031140" startTime="2025-06-25T13:30:18.2422584+08:00" endTime="2025-06-25T13:30:18.2422587+08:00" testType="13cdc9d9-ddb5-4fa4-a97d-d965ccfc6d4b" outcome="Passed" testListId="8c84fa94-04c1-424b-9868-57a2d4851a1d" relativeResultsDirectory="75022ad3-88a5-49ac-9bd2-a6abad078320" />
    <UnitTestResult executionId="7e09da7d-5375-473b-8bb8-0f2ea2af2c10" testId="ae842265-aeb6-27e0-8735-d14fbf690c0e" testName="FarmGear_Application.Tests.Integration.EquipmentControllerIntegrationTests.GetEquipmentList_ReturnsSuccessAndCorrectFormat" computerName="CY" duration="00:00:00.0435147" startTime="2025-06-25T13:30:19.2693603+08:00" endTime="2025-06-25T13:30:19.2693604+08:00" testType="13cdc9d9-ddb5-4fa4-a97d-d965ccfc6d4b" outcome="Failed" testListId="8c84fa94-04c1-424b-9868-57a2d4851a1d" relativeResultsDirectory="7e09da7d-5375-473b-8bb8-0f2ea2af2c10">
      <Output>
        <ErrorInfo>
          <Message>System.InvalidOperationException : Each parameter in the deserialization constructor on type 'FarmGear_Application.DTOs.PaginatedList`1[FarmGear_Application.DTOs.Equipment.EquipmentViewDto]' must bind to an object property or field on deserialization. Each parameter name must match with a property or field on the object. Fields are only considered when 'JsonSerializerOptions.IncludeFields' is enabled. The match can be case-insensitive.</Message>
          <StackTrace>   at System.Text.Json.ThrowHelper.ThrowInvalidOperationException_ConstructorParameterIncompleteBinding(Type parentType)&#xD;
   at System.Text.Json.Serialization.Converters.ObjectWithParameterizedConstructorConverter`1.OnTryRead(Utf8JsonReader&amp; reader, Type typeToConvert, JsonSerializerOptions options, ReadStack&amp; state, T&amp; value)&#xD;
   at System.Text.Json.Serialization.JsonConverter`1.TryRead(Utf8JsonReader&amp; reader, Type typeToConvert, JsonSerializerOptions options, ReadStack&amp; state, T&amp; value, Boolean&amp; isPopulatedValue)&#xD;
   at System.Text.Json.Serialization.Metadata.JsonPropertyInfo`1.ReadJsonAndSetMember(Object obj, ReadStack&amp; state, Utf8JsonReader&amp; reader)&#xD;
   at System.Text.Json.Serialization.Converters.ObjectDefaultConverter`1.OnTryRead(Utf8JsonReader&amp; reader, Type typeToConvert, JsonSerializerOptions options, ReadStack&amp; state, T&amp; value)&#xD;
   at System.Text.Json.Serialization.JsonConverter`1.TryRead(Utf8JsonReader&amp; reader, Type typeToConvert, JsonSerializerOptions options, ReadStack&amp; state, T&amp; value, Boolean&amp; isPopulatedValue)&#xD;
   at System.Text.Json.Serialization.JsonConverter`1.ReadCore(Utf8JsonReader&amp; reader, T&amp; value, JsonSerializerOptions options, ReadStack&amp; state)&#xD;
   at System.Text.Json.Serialization.Metadata.JsonTypeInfo`1.ContinueDeserialize(ReadBufferState&amp; bufferState, JsonReaderState&amp; jsonReaderState, ReadStack&amp; readStack, T&amp; value)&#xD;
   at System.Text.Json.Serialization.Metadata.JsonTypeInfo`1.DeserializeAsync(Stream utf8Json, CancellationToken cancellationToken)&#xD;
   at System.Net.Http.Json.HttpContentJsonExtensions.ReadFromJsonAsyncCore[T](HttpContent content, JsonSerializerOptions options, CancellationToken cancellationToken)&#xD;
   at FarmGear_Application.Tests.Integration.EquipmentControllerIntegrationTests.GetEquipmentList_ReturnsSuccessAndCorrectFormat() in D:\CICDtest\test-cicd-project\test-cicd-project\FarmGear_Application.Tests\Integration\EquipmentControllerIntegrationTests.cs:line 240&#xD;
--- End of stack trace from previous location ---</StackTrace>
        </ErrorInfo>
      </Output>
    </UnitTestResult>
    <UnitTestResult executionId="1703df1a-2be2-4427-9a4d-3740afa2131b" testId="36585ab8-3b12-1b2c-823d-878646d3d9e6" testName="FarmGear_Application.Tests.Integration.EquipmentControllerIntegrationTests.GetEquipmentById_WithValidId_ReturnsEquipment" computerName="CY" duration="00:00:00.0408988" startTime="2025-06-25T13:30:19.1763945+08:00" endTime="2025-06-25T13:30:19.1763946+08:00" testType="13cdc9d9-ddb5-4fa4-a97d-d965ccfc6d4b" outcome="Passed" testListId="8c84fa94-04c1-424b-9868-57a2d4851a1d" relativeResultsDirectory="1703df1a-2be2-4427-9a4d-3740afa2131b" />
    <UnitTestResult executionId="24e2f1f6-030f-444b-8af5-e7391bf44ed3" testId="6e948fbe-dfca-5407-b16b-f3c8cc618d7f" testName="FarmGear_Application.Tests.Controllers.EquipmentControllerTests.DeleteEquipment_EquipmentNotExists_ReturnsNotFound" computerName="CY" duration="00:00:00.0007855" startTime="2025-06-25T13:30:18.2628935+08:00" endTime="2025-06-25T13:30:18.2628935+08:00" testType="13cdc9d9-ddb5-4fa4-a97d-d965ccfc6d4b" outcome="Passed" testListId="8c84fa94-04c1-424b-9868-57a2d4851a1d" relativeResultsDirectory="24e2f1f6-030f-444b-8af5-e7391bf44ed3" />
    <UnitTestResult executionId="e0d21a11-d9af-4b8e-ad51-0a000e8e42ac" testId="01904536-e7b9-5443-0afa-2ae8d1d53f35" testName="FarmGear_Application.Tests.Controllers.EquipmentControllerTests.GetMyEquipmentList_NoUserClaim_ReturnsBadRequest" computerName="CY" duration="00:00:00.0006332" startTime="2025-06-25T13:30:18.2629106+08:00" endTime="2025-06-25T13:30:18.2629106+08:00" testType="13cdc9d9-ddb5-4fa4-a97d-d965ccfc6d4b" outcome="Passed" testListId="8c84fa94-04c1-424b-9868-57a2d4851a1d" relativeResultsDirectory="e0d21a11-d9af-4b8e-ad51-0a000e8e42ac" />
    <UnitTestResult executionId="da49ba16-6218-4846-b0e4-a26e2ba9c1cf" testId="c01f0462-7e97-d1e8-077f-007ceb5265e2" testName="FarmGear_Application.Tests.Controllers.EquipmentControllerTests.DeleteEquipment_ValidRequest_ReturnsOkResult" computerName="CY" duration="00:00:00.0504112" startTime="2025-06-25T13:30:18.2358499+08:00" endTime="2025-06-25T13:30:18.2358600+08:00" testType="13cdc9d9-ddb5-4fa4-a97d-d965ccfc6d4b" outcome="Passed" testListId="8c84fa94-04c1-424b-9868-57a2d4851a1d" relativeResultsDirectory="da49ba16-6218-4846-b0e4-a26e2ba9c1cf" />
    <UnitTestResult executionId="c8a8a42f-99b7-4771-b6f4-02a83af5316a" testId="ab6668f5-9f1c-61e9-11d1-73b7c48e73da" testName="FarmGear_Application.Tests.Integration.EquipmentControllerIntegrationTests.GetEquipmentList_WithQueryParameters_ReturnsFilteredResults" computerName="CY" duration="00:00:00.0908447" startTime="2025-06-25T13:30:19.1366138+08:00" endTime="2025-06-25T13:30:19.1366140+08:00" testType="13cdc9d9-ddb5-4fa4-a97d-d965ccfc6d4b" outcome="Failed" testListId="8c84fa94-04c1-424b-9868-57a2d4851a1d" relativeResultsDirectory="c8a8a42f-99b7-4771-b6f4-02a83af5316a">
      <Output>
        <ErrorInfo>
          <Message>System.InvalidOperationException : Each parameter in the deserialization constructor on type 'FarmGear_Application.DTOs.PaginatedList`1[FarmGear_Application.DTOs.Equipment.EquipmentViewDto]' must bind to an object property or field on deserialization. Each parameter name must match with a property or field on the object. Fields are only considered when 'JsonSerializerOptions.IncludeFields' is enabled. The match can be case-insensitive.</Message>
          <StackTrace>   at System.Text.Json.ThrowHelper.ThrowInvalidOperationException_ConstructorParameterIncompleteBinding(Type parentType)&#xD;
   at System.Text.Json.Serialization.Converters.ObjectWithParameterizedConstructorConverter`1.OnTryRead(Utf8JsonReader&amp; reader, Type typeToConvert, JsonSerializerOptions options, ReadStack&amp; state, T&amp; value)&#xD;
   at System.Text.Json.Serialization.JsonConverter`1.TryRead(Utf8JsonReader&amp; reader, Type typeToConvert, JsonSerializerOptions options, ReadStack&amp; state, T&amp; value, Boolean&amp; isPopulatedValue)&#xD;
   at System.Text.Json.Serialization.Metadata.JsonPropertyInfo`1.ReadJsonAndSetMember(Object obj, ReadStack&amp; state, Utf8JsonReader&amp; reader)&#xD;
   at System.Text.Json.Serialization.Converters.ObjectDefaultConverter`1.OnTryRead(Utf8JsonReader&amp; reader, Type typeToConvert, JsonSerializerOptions options, ReadStack&amp; state, T&amp; value)&#xD;
   at System.Text.Json.Serialization.JsonConverter`1.TryRead(Utf8JsonReader&amp; reader, Type typeToConvert, JsonSerializerOptions options, ReadStack&amp; state, T&amp; value, Boolean&amp; isPopulatedValue)&#xD;
   at System.Text.Json.Serialization.JsonConverter`1.ReadCore(Utf8JsonReader&amp; reader, T&amp; value, JsonSerializerOptions options, ReadStack&amp; state)&#xD;
   at System.Text.Json.Serialization.Metadata.JsonTypeInfo`1.ContinueDeserialize(ReadBufferState&amp; bufferState, JsonReaderState&amp; jsonReaderState, ReadStack&amp; readStack, T&amp; value)&#xD;
   at System.Text.Json.Serialization.Metadata.JsonTypeInfo`1.DeserializeAsync(Stream utf8Json, CancellationToken cancellationToken)&#xD;
   at System.Net.Http.Json.HttpContentJsonExtensions.ReadFromJsonAsyncCore[T](HttpContent content, JsonSerializerOptions options, CancellationToken cancellationToken)&#xD;
   at FarmGear_Application.Tests.Integration.EquipmentControllerIntegrationTests.GetEquipmentList_WithQueryParameters_ReturnsFilteredResults() in D:\CICDtest\test-cicd-project\test-cicd-project\FarmGear_Application.Tests\Integration\EquipmentControllerIntegrationTests.cs:line 414&#xD;
--- End of stack trace from previous location ---</StackTrace>
        </ErrorInfo>
      </Output>
    </UnitTestResult>
    <UnitTestResult executionId="0b161e0c-8934-47b9-804e-b92d209d0669" testId="504f0580-e0a7-403a-8567-4ee7d3c5e07e" testName="FarmGear_Application.Tests.Integration.EquipmentControllerIntegrationTests.CreateEquipment_WithoutAuthentication_ReturnsUnauthorized" computerName="CY" duration="00:00:00.0190410" startTime="2025-06-25T13:30:19.1955101+08:00" endTime="2025-06-25T13:30:19.1955102+08:00" testType="13cdc9d9-ddb5-4fa4-a97d-d965ccfc6d4b" outcome="Passed" testListId="8c84fa94-04c1-424b-9868-57a2d4851a1d" relativeResultsDirectory="0b161e0c-8934-47b9-804e-b92d209d0669" />
    <UnitTestResult executionId="fe247955-833b-4797-9a33-a85afd879315" testId="0eb500c4-1f9f-b43d-78f1-6c776704ac62" testName="FarmGear_Application.Tests.Controllers.EquipmentControllerTests.GetEquipmentById_EquipmentNotExists_ReturnsNotFound" computerName="CY" duration="00:00:00.0005809" startTime="2025-06-25T13:30:18.2627993+08:00" endTime="2025-06-25T13:30:18.2627993+08:00" testType="13cdc9d9-ddb5-4fa4-a97d-d965ccfc6d4b" outcome="Passed" testListId="8c84fa94-04c1-424b-9868-57a2d4851a1d" relativeResultsDirectory="fe247955-833b-4797-9a33-a85afd879315" />
    <UnitTestResult executionId="7b71cf2f-6a0c-4300-ad09-d34ccb4715b2" testId="4c271616-2702-6f35-f868-71c3bc834c1b" testName="FarmGear_Application.Tests.Controllers.EquipmentControllerTests.CreateEquipment_UserNotExists_ReturnsNotFound" computerName="CY" duration="00:00:00.0008148" startTime="2025-06-25T13:30:18.2628777+08:00" endTime="2025-06-25T13:30:18.2628778+08:00" testType="13cdc9d9-ddb5-4fa4-a97d-d965ccfc6d4b" outcome="Passed" testListId="8c84fa94-04c1-424b-9868-57a2d4851a1d" relativeResultsDirectory="7b71cf2f-6a0c-4300-ad09-d34ccb4715b2" />
    <UnitTestResult executionId="7a0efd71-b45f-4037-ba2d-55dd16d1b471" testId="80da0148-e164-44ce-d643-3226320767d8" testName="FarmGear_Application.Tests.Controllers.EquipmentControllerTests.CreateEquipment_NoPermission_ReturnsForbid" computerName="CY" duration="00:00:00.0006991" startTime="2025-06-25T13:30:18.2636475+08:00" endTime="2025-06-25T13:30:18.2636476+08:00" testType="13cdc9d9-ddb5-4fa4-a97d-d965ccfc6d4b" outcome="Passed" testListId="8c84fa94-04c1-424b-9868-57a2d4851a1d" relativeResultsDirectory="7a0efd71-b45f-4037-ba2d-55dd16d1b471" />
    <UnitTestResult executionId="1d9f020f-e026-4b1e-a2de-9509bf4423c2" testId="49a4922e-0c80-1176-9bdf-71427c7bff3c" testName="FarmGear_Application.Tests.Controllers.EquipmentControllerTests.CreateEquipment_ExceptionThrown_ReturnsInternalServerError" computerName="CY" duration="00:00:00.0011771" startTime="2025-06-25T13:30:18.2628607+08:00" endTime="2025-06-25T13:30:18.2628607+08:00" testType="13cdc9d9-ddb5-4fa4-a97d-d965ccfc6d4b" outcome="Passed" testListId="8c84fa94-04c1-424b-9868-57a2d4851a1d" relativeResultsDirectory="1d9f020f-e026-4b1e-a2de-9509bf4423c2" />
    <UnitTestResult executionId="41023c65-ca47-4119-9427-711c44c3d007" testId="2254a4ac-9d63-5561-2b5d-7b2f56bb3320" testName="FarmGear_Application.Tests.Controllers.EquipmentControllerTests.UpdateEquipment_ValidRequest_ReturnsOkResult" computerName="CY" duration="00:00:00.0012514" startTime="2025-06-25T13:30:18.2626953+08:00" endTime="2025-06-25T13:30:18.2626953+08:00" testType="13cdc9d9-ddb5-4fa4-a97d-d965ccfc6d4b" outcome="Passed" testListId="8c84fa94-04c1-424b-9868-57a2d4851a1d" relativeResultsDirectory="41023c65-ca47-4119-9427-711c44c3d007" />
    <UnitTestResult executionId="0e849bbf-0ba6-49a9-a5b0-9c23622938ac" testId="530e2346-3f5a-3c4d-b692-8271ccffd095" testName="FarmGear_Application.Tests.Integration.EquipmentControllerIntegrationTests.CreateEquipment_WithAuthentication_ReturnsCreated" computerName="CY" duration="00:00:00.0153799" startTime="2025-06-25T13:30:19.2251710+08:00" endTime="2025-06-25T13:30:19.2251711+08:00" testType="13cdc9d9-ddb5-4fa4-a97d-d965ccfc6d4b" outcome="Failed" testListId="8c84fa94-04c1-424b-9868-57a2d4851a1d" relativeResultsDirectory="0e849bbf-0ba6-49a9-a5b0-9c23622938ac">
      <Output>
        <ErrorInfo>
          <Message>Expected response.StatusCode to be HttpStatusCode.Created {value: 201}, but found HttpStatusCode.Unauthorized {value: 401}.</Message>
          <StackTrace>   at FluentAssertions.Execution.XUnit2TestFramework.Throw(String message)&#xD;
   at FluentAssertions.Execution.TestFrameworkProvider.Throw(String message)&#xD;
   at FluentAssertions.Execution.DefaultAssertionStrategy.HandleFailure(String message)&#xD;
   at FluentAssertions.Execution.AssertionScope.FailWith(Func`1 failReasonFunc)&#xD;
   at FluentAssertions.Execution.AssertionScope.FailWith(Func`1 failReasonFunc)&#xD;
   at FluentAssertions.Execution.AssertionScope.FailWith(String message, Object[] args)&#xD;
   at FluentAssertions.Primitives.EnumAssertions`2.Be(TEnum expected, String because, Object[] becauseArgs)&#xD;
   at FarmGear_Application.Tests.Integration.EquipmentControllerIntegrationTests.CreateEquipment_WithAuthentication_ReturnsCreated() in D:\CICDtest\test-cicd-project\test-cicd-project\FarmGear_Application.Tests\Integration\EquipmentControllerIntegrationTests.cs:line 302&#xD;
--- End of stack trace from previous location ---</StackTrace>
        </ErrorInfo>
      </Output>
    </UnitTestResult>
    <UnitTestResult executionId="7606cb7d-f852-45e2-8873-e004a0cf947a" testId="45e4ee7d-da63-fb10-3e29-938737680d4b" testName="FarmGear_Application.Tests.Controllers.EquipmentControllerTests.DeleteEquipment_NoPermission_ReturnsForbid" computerName="CY" duration="00:00:00.0007542" startTime="2025-06-25T13:30:18.2479670+08:00" endTime="2025-06-25T13:30:18.2479670+08:00" testType="13cdc9d9-ddb5-4fa4-a97d-d965ccfc6d4b" outcome="Passed" testListId="8c84fa94-04c1-424b-9868-57a2d4851a1d" relativeResultsDirectory="7606cb7d-f852-45e2-8873-e004a0cf947a" />
    <UnitTestResult executionId="914507e5-237d-43b6-a234-2d5f01ca524c" testId="4f22438f-f929-4208-031f-2f33ad62c650" testName="FarmGear_Application.Tests.Controllers.EquipmentControllerTests.GetEquipmentById_ValidId_ReturnsOkResult" computerName="CY" duration="00:00:00.0020649" startTime="2025-06-25T13:30:18.2390878+08:00" endTime="2025-06-25T13:30:18.2390880+08:00" testType="13cdc9d9-ddb5-4fa4-a97d-d965ccfc6d4b" outcome="Passed" testListId="8c84fa94-04c1-424b-9868-57a2d4851a1d" relativeResultsDirectory="914507e5-237d-43b6-a234-2d5f01ca524c" />
    <UnitTestResult executionId="c799b717-9af4-4ae5-8a9e-ef5302265235" testId="c0de3765-13d9-3248-c4b9-5e4551b7eea2" testName="FarmGear_Application.Tests.Controllers.EquipmentControllerTests.GetEquipmentList_ValidRequest_ReturnsOkResult" computerName="CY" duration="00:00:00.0008890" startTime="2025-06-25T13:30:18.2628403+08:00" endTime="2025-06-25T13:30:18.2628403+08:00" testType="13cdc9d9-ddb5-4fa4-a97d-d965ccfc6d4b" outcome="Passed" testListId="8c84fa94-04c1-424b-9868-57a2d4851a1d" relativeResultsDirectory="c799b717-9af4-4ae5-8a9e-ef5302265235" />
    <UnitTestResult executionId="cf1b4079-ad66-418f-8421-57ea4715110d" testId="959281b8-19a1-79f6-09e4-7707bf4ae16e" testName="FarmGear_Application.Tests.Integration.EquipmentControllerIntegrationTests.GetMyEquipmentList_WithAuthentication_ReturnsSuccess" computerName="CY" duration="00:00:00.7981671" startTime="2025-06-25T13:30:18.9940420+08:00" endTime="2025-06-25T13:30:18.9940422+08:00" testType="13cdc9d9-ddb5-4fa4-a97d-d965ccfc6d4b" outcome="Failed" testListId="8c84fa94-04c1-424b-9868-57a2d4851a1d" relativeResultsDirectory="cf1b4079-ad66-418f-8421-57ea4715110d">
      <Output>
        <ErrorInfo>
          <Message>Expected response.StatusCode to be HttpStatusCode.OK {value: 200}, but found HttpStatusCode.Unauthorized {value: 401}.</Message>
          <StackTrace>   at FluentAssertions.Execution.XUnit2TestFramework.Throw(String message)&#xD;
   at FluentAssertions.Execution.TestFrameworkProvider.Throw(String message)&#xD;
   at FluentAssertions.Execution.DefaultAssertionStrategy.HandleFailure(String message)&#xD;
   at FluentAssertions.Execution.AssertionScope.FailWith(Func`1 failReasonFunc)&#xD;
   at FluentAssertions.Execution.AssertionScope.FailWith(Func`1 failReasonFunc)&#xD;
   at FluentAssertions.Execution.AssertionScope.FailWith(String message, Object[] args)&#xD;
   at FluentAssertions.Primitives.EnumAssertions`2.Be(TEnum expected, String because, Object[] becauseArgs)&#xD;
   at FarmGear_Application.Tests.Integration.EquipmentControllerIntegrationTests.GetMyEquipmentList_WithAuthentication_ReturnsSuccess() in D:\CICDtest\test-cicd-project\test-cicd-project\FarmGear_Application.Tests\Integration\EquipmentControllerIntegrationTests.cs:line 343&#xD;
--- End of stack trace from previous location ---</StackTrace>
        </ErrorInfo>
      </Output>
    </UnitTestResult>
    <UnitTestResult executionId="fbe109cb-c4df-4fef-aeec-1da1d342508c" testId="eaeffcb3-952b-bbd7-1403-39ce71726f30" testName="FarmGear_Application.Tests.Integration.EquipmentControllerIntegrationTests.DeleteEquipment_WithoutAuthentication_ReturnsUnauthorized" computerName="CY" duration="00:00:00.0601527" startTime="2025-06-25T13:30:19.0437300+08:00" endTime="2025-06-25T13:30:19.0437302+08:00" testType="13cdc9d9-ddb5-4fa4-a97d-d965ccfc6d4b" outcome="Passed" testListId="8c84fa94-04c1-424b-9868-57a2d4851a1d" relativeResultsDirectory="fbe109cb-c4df-4fef-aeec-1da1d342508c" />
    <UnitTestResult executionId="80a72418-0670-4150-acfd-d08c4215a05e" testId="fbfb5f36-2132-d82c-059a-f342d1713dbb" testName="FarmGear_Application.Tests.Controllers.EquipmentControllerTests.CreateEquipment_NoUserClaim_ReturnsBadRequest" computerName="CY" duration="00:00:00.0019248" startTime="2025-06-25T13:30:18.2628230+08:00" endTime="2025-06-25T13:30:18.2628231+08:00" testType="13cdc9d9-ddb5-4fa4-a97d-d965ccfc6d4b" outcome="Passed" testListId="8c84fa94-04c1-424b-9868-57a2d4851a1d" relativeResultsDirectory="80a72418-0670-4150-acfd-d08c4215a05e" />
    <UnitTestResult executionId="e8d28732-fba6-4ba8-89fb-b919d23cb4f8" testId="160455ca-6b78-f971-6df4-a407960ebb1f" testName="FarmGear_Application.Tests.Controllers.EquipmentControllerTests.CreateEquipment_ValidRequest_ReturnsCreatedResult" computerName="CY" duration="00:00:00.0022946" startTime="2025-06-25T13:30:18.2629267+08:00" endTime="2025-06-25T13:30:18.2629267+08:00" testType="13cdc9d9-ddb5-4fa4-a97d-d965ccfc6d4b" outcome="Passed" testListId="8c84fa94-04c1-424b-9868-57a2d4851a1d" relativeResultsDirectory="e8d28732-fba6-4ba8-89fb-b919d23cb4f8" />
  </Results>
  <TestDefinitions>
    <UnitTest name="FarmGear_Application.Tests.Controllers.EquipmentControllerTests.DeleteEquipment_NoPermission_ReturnsForbid" storage="d:\cicdtest\test-cicd-project\test-cicd-project\farmgear_application.tests\bin\debug\net8.0\farmgear_application.tests.dll" id="45e4ee7d-da63-fb10-3e29-938737680d4b">
      <Execution id="7606cb7d-f852-45e2-8873-e004a0cf947a" />
      <TestMethod codeBase="D:\CICDtest\test-cicd-project\test-cicd-project\FarmGear_Application.Tests\bin\Debug\net8.0\FarmGear_Application.Tests.dll" adapterTypeName="executor://xunit/VsTestRunner2/netcoreapp" className="FarmGear_Application.Tests.Controllers.EquipmentControllerTests" name="DeleteEquipment_NoPermission_ReturnsForbid" />
    </UnitTest>
    <UnitTest name="FarmGear_Application.Tests.Controllers.EquipmentControllerTests.UpdateEquipment_NoPermission_ReturnsForbid" storage="d:\cicdtest\test-cicd-project\test-cicd-project\farmgear_application.tests\bin\debug\net8.0\farmgear_application.tests.dll" id="df57ce66-fcd7-e157-3a04-8493cada1bcc">
      <Execution id="b0b498c4-7c2e-47a1-8837-35c27fda3f60" />
      <TestMethod codeBase="D:\CICDtest\test-cicd-project\test-cicd-project\FarmGear_Application.Tests\bin\Debug\net8.0\FarmGear_Application.Tests.dll" adapterTypeName="executor://xunit/VsTestRunner2/netcoreapp" className="FarmGear_Application.Tests.Controllers.EquipmentControllerTests" name="UpdateEquipment_NoPermission_ReturnsForbid" />
    </UnitTest>
    <UnitTest name="FarmGear_Application.Tests.Integration.EquipmentControllerIntegrationTests.GetEquipmentById_WithValidId_ReturnsEquipment" storage="d:\cicdtest\test-cicd-project\test-cicd-project\farmgear_application.tests\bin\debug\net8.0\farmgear_application.tests.dll" id="36585ab8-3b12-1b2c-823d-878646d3d9e6">
      <Execution id="1703df1a-2be2-4427-9a4d-3740afa2131b" />
      <TestMethod codeBase="D:\CICDtest\test-cicd-project\test-cicd-project\FarmGear_Application.Tests\bin\Debug\net8.0\FarmGear_Application.Tests.dll" adapterTypeName="executor://xunit/VsTestRunner2/netcoreapp" className="FarmGear_Application.Tests.Integration.EquipmentControllerIntegrationTests" name="GetEquipmentById_WithValidId_ReturnsEquipment" />
    </UnitTest>
    <UnitTest name="FarmGear_Application.Tests.Controllers.EquipmentControllerTests.GetEquipmentList_ServiceError_ReturnsBadRequest" storage="d:\cicdtest\test-cicd-project\test-cicd-project\farmgear_application.tests\bin\debug\net8.0\farmgear_application.tests.dll" id="ace5f719-1406-f845-d87d-f7398c862269">
      <Execution id="48533a52-d088-4c6a-bf77-47277d2004a8" />
      <TestMethod codeBase="D:\CICDtest\test-cicd-project\test-cicd-project\FarmGear_Application.Tests\bin\Debug\net8.0\FarmGear_Application.Tests.dll" adapterTypeName="executor://xunit/VsTestRunner2/netcoreapp" className="FarmGear_Application.Tests.Controllers.EquipmentControllerTests" name="GetEquipmentList_ServiceError_ReturnsBadRequest" />
    </UnitTest>
    <UnitTest name="FarmGear_Application.Tests.Controllers.EquipmentControllerTests.CreateEquipment_UserNotExists_ReturnsNotFound" storage="d:\cicdtest\test-cicd-project\test-cicd-project\farmgear_application.tests\bin\debug\net8.0\farmgear_application.tests.dll" id="4c271616-2702-6f35-f868-71c3bc834c1b">
      <Execution id="7b71cf2f-6a0c-4300-ad09-d34ccb4715b2" />
      <TestMethod codeBase="D:\CICDtest\test-cicd-project\test-cicd-project\FarmGear_Application.Tests\bin\Debug\net8.0\FarmGear_Application.Tests.dll" adapterTypeName="executor://xunit/VsTestRunner2/netcoreapp" className="FarmGear_Application.Tests.Controllers.EquipmentControllerTests" name="CreateEquipment_UserNotExists_ReturnsNotFound" />
    </UnitTest>
    <UnitTest name="FarmGear_Application.Tests.Controllers.EquipmentControllerTests.UpdateEquipment_EquipmentNotExists_ReturnsNotFound" storage="d:\cicdtest\test-cicd-project\test-cicd-project\farmgear_application.tests\bin\debug\net8.0\farmgear_application.tests.dll" id="ad6e4cb6-11b0-fac9-f91e-c2553f41b5bf">
      <Execution id="a2e31a83-38e9-4bdd-b8aa-23a2abc48744" />
      <TestMethod codeBase="D:\CICDtest\test-cicd-project\test-cicd-project\FarmGear_Application.Tests\bin\Debug\net8.0\FarmGear_Application.Tests.dll" adapterTypeName="executor://xunit/VsTestRunner2/netcoreapp" className="FarmGear_Application.Tests.Controllers.EquipmentControllerTests" name="UpdateEquipment_EquipmentNotExists_ReturnsNotFound" />
    </UnitTest>
    <UnitTest name="FarmGear_Application.Tests.Integration.EquipmentControllerIntegrationTests.GetMyEquipmentList_WithAuthentication_ReturnsSuccess" storage="d:\cicdtest\test-cicd-project\test-cicd-project\farmgear_application.tests\bin\debug\net8.0\farmgear_application.tests.dll" id="959281b8-19a1-79f6-09e4-7707bf4ae16e">
      <Execution id="cf1b4079-ad66-418f-8421-57ea4715110d" />
      <TestMethod codeBase="D:\CICDtest\test-cicd-project\test-cicd-project\FarmGear_Application.Tests\bin\Debug\net8.0\FarmGear_Application.Tests.dll" adapterTypeName="executor://xunit/VsTestRunner2/netcoreapp" className="FarmGear_Application.Tests.Integration.EquipmentControllerIntegrationTests" name="GetMyEquipmentList_WithAuthentication_ReturnsSuccess" />
    </UnitTest>
    <UnitTest name="FarmGear_Application.Tests.Integration.EquipmentControllerIntegrationTests.DeleteEquipment_WithoutAuthentication_ReturnsUnauthorized" storage="d:\cicdtest\test-cicd-project\test-cicd-project\farmgear_application.tests\bin\debug\net8.0\farmgear_application.tests.dll" id="eaeffcb3-952b-bbd7-1403-39ce71726f30">
      <Execution id="fbe109cb-c4df-4fef-aeec-1da1d342508c" />
      <TestMethod codeBase="D:\CICDtest\test-cicd-project\test-cicd-project\FarmGear_Application.Tests\bin\Debug\net8.0\FarmGear_Application.Tests.dll" adapterTypeName="executor://xunit/VsTestRunner2/netcoreapp" className="FarmGear_Application.Tests.Integration.EquipmentControllerIntegrationTests" name="DeleteEquipment_WithoutAuthentication_ReturnsUnauthorized" />
    </UnitTest>
    <UnitTest name="FarmGear_Application.Tests.Integration.EquipmentControllerIntegrationTests.UpdateEquipment_WithoutAuthentication_ReturnsUnauthorized" storage="d:\cicdtest\test-cicd-project\test-cicd-project\farmgear_application.tests\bin\debug\net8.0\farmgear_application.tests.dll" id="374e1850-00a9-9380-78d8-24f57b72af6c">
      <Execution id="1f434c53-bd25-4b5c-909d-78512e659373" />
      <TestMethod codeBase="D:\CICDtest\test-cicd-project\test-cicd-project\FarmGear_Application.Tests\bin\Debug\net8.0\FarmGear_Application.Tests.dll" adapterTypeName="executor://xunit/VsTestRunner2/netcoreapp" className="FarmGear_Application.Tests.Integration.EquipmentControllerIntegrationTests" name="UpdateEquipment_WithoutAuthentication_ReturnsUnauthorized" />
    </UnitTest>
    <UnitTest name="FarmGear_Application.Tests.Integration.EquipmentControllerIntegrationTests.CreateEquipment_WithoutAuthentication_ReturnsUnauthorized" storage="d:\cicdtest\test-cicd-project\test-cicd-project\farmgear_application.tests\bin\debug\net8.0\farmgear_application.tests.dll" id="504f0580-e0a7-403a-8567-4ee7d3c5e07e">
      <Execution id="0b161e0c-8934-47b9-804e-b92d209d0669" />
      <TestMethod codeBase="D:\CICDtest\test-cicd-project\test-cicd-project\FarmGear_Application.Tests\bin\Debug\net8.0\FarmGear_Application.Tests.dll" adapterTypeName="executor://xunit/VsTestRunner2/netcoreapp" className="FarmGear_Application.Tests.Integration.EquipmentControllerIntegrationTests" name="CreateEquipment_WithoutAuthentication_ReturnsUnauthorized" />
    </UnitTest>
    <UnitTest name="FarmGear_Application.Tests.Controllers.EquipmentControllerTests.GetMyEquipmentList_ValidRequest_ReturnsOkResult" storage="d:\cicdtest\test-cicd-project\test-cicd-project\farmgear_application.tests\bin\debug\net8.0\farmgear_application.tests.dll" id="1dcc2a84-b1ea-dab9-874c-567be9e423ef">
      <Execution id="7caa0fc8-0fb2-494c-90b8-356da8e51a8f" />
      <TestMethod codeBase="D:\CICDtest\test-cicd-project\test-cicd-project\FarmGear_Application.Tests\bin\Debug\net8.0\FarmGear_Application.Tests.dll" adapterTypeName="executor://xunit/VsTestRunner2/netcoreapp" className="FarmGear_Application.Tests.Controllers.EquipmentControllerTests" name="GetMyEquipmentList_ValidRequest_ReturnsOkResult" />
    </UnitTest>
    <UnitTest name="FarmGear_Application.Tests.Integration.EquipmentControllerIntegrationTests.GetEquipmentList_ReturnsSuccessAndCorrectFormat" storage="d:\cicdtest\test-cicd-project\test-cicd-project\farmgear_application.tests\bin\debug\net8.0\farmgear_application.tests.dll" id="ae842265-aeb6-27e0-8735-d14fbf690c0e">
      <Execution id="7e09da7d-5375-473b-8bb8-0f2ea2af2c10" />
      <TestMethod codeBase="D:\CICDtest\test-cicd-project\test-cicd-project\FarmGear_Application.Tests\bin\Debug\net8.0\FarmGear_Application.Tests.dll" adapterTypeName="executor://xunit/VsTestRunner2/netcoreapp" className="FarmGear_Application.Tests.Integration.EquipmentControllerIntegrationTests" name="GetEquipmentList_ReturnsSuccessAndCorrectFormat" />
    </UnitTest>
    <UnitTest name="FarmGear_Application.Tests.Controllers.EquipmentControllerTests.CreateEquipment_ExceptionThrown_ReturnsInternalServerError" storage="d:\cicdtest\test-cicd-project\test-cicd-project\farmgear_application.tests\bin\debug\net8.0\farmgear_application.tests.dll" id="49a4922e-0c80-1176-9bdf-71427c7bff3c">
      <Execution id="1d9f020f-e026-4b1e-a2de-9509bf4423c2" />
      <TestMethod codeBase="D:\CICDtest\test-cicd-project\test-cicd-project\FarmGear_Application.Tests\bin\Debug\net8.0\FarmGear_Application.Tests.dll" adapterTypeName="executor://xunit/VsTestRunner2/netcoreapp" className="FarmGear_Application.Tests.Controllers.EquipmentControllerTests" name="CreateEquipment_ExceptionThrown_ReturnsInternalServerError" />
    </UnitTest>
    <UnitTest name="FarmGear_Application.Tests.Controllers.EquipmentControllerTests.DeleteEquipment_ValidRequest_ReturnsOkResult" storage="d:\cicdtest\test-cicd-project\test-cicd-project\farmgear_application.tests\bin\debug\net8.0\farmgear_application.tests.dll" id="c01f0462-7e97-d1e8-077f-007ceb5265e2">
      <Execution id="da49ba16-6218-4846-b0e4-a26e2ba9c1cf" />
      <TestMethod codeBase="D:\CICDtest\test-cicd-project\test-cicd-project\FarmGear_Application.Tests\bin\Debug\net8.0\FarmGear_Application.Tests.dll" adapterTypeName="executor://xunit/VsTestRunner2/netcoreapp" className="FarmGear_Application.Tests.Controllers.EquipmentControllerTests" name="DeleteEquipment_ValidRequest_ReturnsOkResult" />
    </UnitTest>
    <UnitTest name="FarmGear_Application.Tests.Controllers.EquipmentControllerTests.GetEquipmentList_ExceptionThrown_ReturnsInternalServerError" storage="d:\cicdtest\test-cicd-project\test-cicd-project\farmgear_application.tests\bin\debug\net8.0\farmgear_application.tests.dll" id="a23b123c-5f3d-df99-f44e-2d75fd77364f">
      <Execution id="75022ad3-88a5-49ac-9bd2-a6abad078320" />
      <TestMethod codeBase="D:\CICDtest\test-cicd-project\test-cicd-project\FarmGear_Application.Tests\bin\Debug\net8.0\FarmGear_Application.Tests.dll" adapterTypeName="executor://xunit/VsTestRunner2/netcoreapp" className="FarmGear_Application.Tests.Controllers.EquipmentControllerTests" name="GetEquipmentList_ExceptionThrown_ReturnsInternalServerError" />
    </UnitTest>
    <UnitTest name="FarmGear_Application.Tests.Controllers.EquipmentControllerTests.DeleteEquipment_EquipmentNotExists_ReturnsNotFound" storage="d:\cicdtest\test-cicd-project\test-cicd-project\farmgear_application.tests\bin\debug\net8.0\farmgear_application.tests.dll" id="6e948fbe-dfca-5407-b16b-f3c8cc618d7f">
      <Execution id="24e2f1f6-030f-444b-8af5-e7391bf44ed3" />
      <TestMethod codeBase="D:\CICDtest\test-cicd-project\test-cicd-project\FarmGear_Application.Tests\bin\Debug\net8.0\FarmGear_Application.Tests.dll" adapterTypeName="executor://xunit/VsTestRunner2/netcoreapp" className="FarmGear_Application.Tests.Controllers.EquipmentControllerTests" name="DeleteEquipment_EquipmentNotExists_ReturnsNotFound" />
    </UnitTest>
    <UnitTest name="FarmGear_Application.Tests.Integration.EquipmentControllerIntegrationTests.CreateEquipment_WithAuthentication_ReturnsCreated" storage="d:\cicdtest\test-cicd-project\test-cicd-project\farmgear_application.tests\bin\debug\net8.0\farmgear_application.tests.dll" id="530e2346-3f5a-3c4d-b692-8271ccffd095">
      <Execution id="0e849bbf-0ba6-49a9-a5b0-9c23622938ac" />
      <TestMethod codeBase="D:\CICDtest\test-cicd-project\test-cicd-project\FarmGear_Application.Tests\bin\Debug\net8.0\FarmGear_Application.Tests.dll" adapterTypeName="executor://xunit/VsTestRunner2/netcoreapp" className="FarmGear_Application.Tests.Integration.EquipmentControllerIntegrationTests" name="CreateEquipment_WithAuthentication_ReturnsCreated" />
    </UnitTest>
    <UnitTest name="FarmGear_Application.Tests.Controllers.EquipmentControllerTests.GetEquipmentById_ValidId_ReturnsOkResult" storage="d:\cicdtest\test-cicd-project\test-cicd-project\farmgear_application.tests\bin\debug\net8.0\farmgear_application.tests.dll" id="4f22438f-f929-4208-031f-2f33ad62c650">
      <Execution id="914507e5-237d-43b6-a234-2d5f01ca524c" />
      <TestMethod codeBase="D:\CICDtest\test-cicd-project\test-cicd-project\FarmGear_Application.Tests\bin\Debug\net8.0\FarmGear_Application.Tests.dll" adapterTypeName="executor://xunit/VsTestRunner2/netcoreapp" className="FarmGear_Application.Tests.Controllers.EquipmentControllerTests" name="GetEquipmentById_ValidId_ReturnsOkResult" />
    </UnitTest>
    <UnitTest name="FarmGear_Application.Tests.Controllers.EquipmentControllerTests.GetEquipmentById_EquipmentNotExists_ReturnsNotFound" storage="d:\cicdtest\test-cicd-project\test-cicd-project\farmgear_application.tests\bin\debug\net8.0\farmgear_application.tests.dll" id="0eb500c4-1f9f-b43d-78f1-6c776704ac62">
      <Execution id="fe247955-833b-4797-9a33-a85afd879315" />
      <TestMethod codeBase="D:\CICDtest\test-cicd-project\test-cicd-project\FarmGear_Application.Tests\bin\Debug\net8.0\FarmGear_Application.Tests.dll" adapterTypeName="executor://xunit/VsTestRunner2/netcoreapp" className="FarmGear_Application.Tests.Controllers.EquipmentControllerTests" name="GetEquipmentById_EquipmentNotExists_ReturnsNotFound" />
    </UnitTest>
    <UnitTest name="FarmGear_Application.Tests.Controllers.EquipmentControllerTests.DeleteEquipment_HasActiveOrders_ReturnsConflict" storage="d:\cicdtest\test-cicd-project\test-cicd-project\farmgear_application.tests\bin\debug\net8.0\farmgear_application.tests.dll" id="1c54b09a-3a35-2396-4214-b9ae98b8ac11">
      <Execution id="fadd8751-8604-46bf-8123-9fad03a056de" />
      <TestMethod codeBase="D:\CICDtest\test-cicd-project\test-cicd-project\FarmGear_Application.Tests\bin\Debug\net8.0\FarmGear_Application.Tests.dll" adapterTypeName="executor://xunit/VsTestRunner2/netcoreapp" className="FarmGear_Application.Tests.Controllers.EquipmentControllerTests" name="DeleteEquipment_HasActiveOrders_ReturnsConflict" />
    </UnitTest>
    <UnitTest name="FarmGear_Application.Tests.Controllers.EquipmentControllerTests.DeleteEquipment_AsAdmin_CallsServiceWithAdminFlag" storage="d:\cicdtest\test-cicd-project\test-cicd-project\farmgear_application.tests\bin\debug\net8.0\farmgear_application.tests.dll" id="16282afc-407c-a57f-ea15-ba7c43ae98cf">
      <Execution id="bc6b2224-61d8-4b25-90a4-140dc76febe6" />
      <TestMethod codeBase="D:\CICDtest\test-cicd-project\test-cicd-project\FarmGear_Application.Tests\bin\Debug\net8.0\FarmGear_Application.Tests.dll" adapterTypeName="executor://xunit/VsTestRunner2/netcoreapp" className="FarmGear_Application.Tests.Controllers.EquipmentControllerTests" name="DeleteEquipment_AsAdmin_CallsServiceWithAdminFlag" />
    </UnitTest>
    <UnitTest name="FarmGear_Application.Tests.Controllers.EquipmentControllerTests.CreateEquipment_NoUserClaim_ReturnsBadRequest" storage="d:\cicdtest\test-cicd-project\test-cicd-project\farmgear_application.tests\bin\debug\net8.0\farmgear_application.tests.dll" id="fbfb5f36-2132-d82c-059a-f342d1713dbb">
      <Execution id="80a72418-0670-4150-acfd-d08c4215a05e" />
      <TestMethod codeBase="D:\CICDtest\test-cicd-project\test-cicd-project\FarmGear_Application.Tests\bin\Debug\net8.0\FarmGear_Application.Tests.dll" adapterTypeName="executor://xunit/VsTestRunner2/netcoreapp" className="FarmGear_Application.Tests.Controllers.EquipmentControllerTests" name="CreateEquipment_NoUserClaim_ReturnsBadRequest" />
    </UnitTest>
    <UnitTest name="FarmGear_Application.Tests.Controllers.EquipmentControllerTests.UpdateEquipment_ValidRequest_ReturnsOkResult" storage="d:\cicdtest\test-cicd-project\test-cicd-project\farmgear_application.tests\bin\debug\net8.0\farmgear_application.tests.dll" id="2254a4ac-9d63-5561-2b5d-7b2f56bb3320">
      <Execution id="41023c65-ca47-4119-9427-711c44c3d007" />
      <TestMethod codeBase="D:\CICDtest\test-cicd-project\test-cicd-project\FarmGear_Application.Tests\bin\Debug\net8.0\FarmGear_Application.Tests.dll" adapterTypeName="executor://xunit/VsTestRunner2/netcoreapp" className="FarmGear_Application.Tests.Controllers.EquipmentControllerTests" name="UpdateEquipment_ValidRequest_ReturnsOkResult" />
    </UnitTest>
    <UnitTest name="FarmGear_Application.Tests.Controllers.EquipmentControllerTests.CreateEquipment_ValidRequest_ReturnsCreatedResult" storage="d:\cicdtest\test-cicd-project\test-cicd-project\farmgear_application.tests\bin\debug\net8.0\farmgear_application.tests.dll" id="160455ca-6b78-f971-6df4-a407960ebb1f">
      <Execution id="e8d28732-fba6-4ba8-89fb-b919d23cb4f8" />
      <TestMethod codeBase="D:\CICDtest\test-cicd-project\test-cicd-project\FarmGear_Application.Tests\bin\Debug\net8.0\FarmGear_Application.Tests.dll" adapterTypeName="executor://xunit/VsTestRunner2/netcoreapp" className="FarmGear_Application.Tests.Controllers.EquipmentControllerTests" name="CreateEquipment_ValidRequest_ReturnsCreatedResult" />
    </UnitTest>
    <UnitTest name="FarmGear_Application.Tests.Controllers.EquipmentControllerTests.GetMyEquipmentList_NoUserClaim_ReturnsBadRequest" storage="d:\cicdtest\test-cicd-project\test-cicd-project\farmgear_application.tests\bin\debug\net8.0\farmgear_application.tests.dll" id="01904536-e7b9-5443-0afa-2ae8d1d53f35">
      <Execution id="e0d21a11-d9af-4b8e-ad51-0a000e8e42ac" />
      <TestMethod codeBase="D:\CICDtest\test-cicd-project\test-cicd-project\FarmGear_Application.Tests\bin\Debug\net8.0\FarmGear_Application.Tests.dll" adapterTypeName="executor://xunit/VsTestRunner2/netcoreapp" className="FarmGear_Application.Tests.Controllers.EquipmentControllerTests" name="GetMyEquipmentList_NoUserClaim_ReturnsBadRequest" />
    </UnitTest>
    <UnitTest name="FarmGear_Application.Tests.Integration.EquipmentControllerIntegrationTests.GetEquipmentList_WithQueryParameters_ReturnsFilteredResults" storage="d:\cicdtest\test-cicd-project\test-cicd-project\farmgear_application.tests\bin\debug\net8.0\farmgear_application.tests.dll" id="ab6668f5-9f1c-61e9-11d1-73b7c48e73da">
      <Execution id="c8a8a42f-99b7-4771-b6f4-02a83af5316a" />
      <TestMethod codeBase="D:\CICDtest\test-cicd-project\test-cicd-project\FarmGear_Application.Tests\bin\Debug\net8.0\FarmGear_Application.Tests.dll" adapterTypeName="executor://xunit/VsTestRunner2/netcoreapp" className="FarmGear_Application.Tests.Integration.EquipmentControllerIntegrationTests" name="GetEquipmentList_WithQueryParameters_ReturnsFilteredResults" />
    </UnitTest>
    <UnitTest name="FarmGear_Application.Tests.Controllers.EquipmentControllerTests.GetEquipmentList_ValidRequest_ReturnsOkResult" storage="d:\cicdtest\test-cicd-project\test-cicd-project\farmgear_application.tests\bin\debug\net8.0\farmgear_application.tests.dll" id="c0de3765-13d9-3248-c4b9-5e4551b7eea2">
      <Execution id="c799b717-9af4-4ae5-8a9e-ef5302265235" />
      <TestMethod codeBase="D:\CICDtest\test-cicd-project\test-cicd-project\FarmGear_Application.Tests\bin\Debug\net8.0\FarmGear_Application.Tests.dll" adapterTypeName="executor://xunit/VsTestRunner2/netcoreapp" className="FarmGear_Application.Tests.Controllers.EquipmentControllerTests" name="GetEquipmentList_ValidRequest_ReturnsOkResult" />
    </UnitTest>
    <UnitTest name="FarmGear_Application.Tests.Integration.EquipmentControllerIntegrationTests.GetMyEquipmentList_WithoutAuthentication_ReturnsUnauthorized" storage="d:\cicdtest\test-cicd-project\test-cicd-project\farmgear_application.tests\bin\debug\net8.0\farmgear_application.tests.dll" id="72ef346c-0cc5-19be-ca59-ff625649ef64">
      <Execution id="e942259d-0a52-4dc4-8dad-4c061f016503" />
      <TestMethod codeBase="D:\CICDtest\test-cicd-project\test-cicd-project\FarmGear_Application.Tests\bin\Debug\net8.0\FarmGear_Application.Tests.dll" adapterTypeName="executor://xunit/VsTestRunner2/netcoreapp" className="FarmGear_Application.Tests.Integration.EquipmentControllerIntegrationTests" name="GetMyEquipmentList_WithoutAuthentication_ReturnsUnauthorized" />
    </UnitTest>
    <UnitTest name="FarmGear_Application.Tests.Controllers.EquipmentControllerTests.CreateEquipment_NoPermission_ReturnsForbid" storage="d:\cicdtest\test-cicd-project\test-cicd-project\farmgear_application.tests\bin\debug\net8.0\farmgear_application.tests.dll" id="80da0148-e164-44ce-d643-3226320767d8">
      <Execution id="7a0efd71-b45f-4037-ba2d-55dd16d1b471" />
      <TestMethod codeBase="D:\CICDtest\test-cicd-project\test-cicd-project\FarmGear_Application.Tests\bin\Debug\net8.0\FarmGear_Application.Tests.dll" adapterTypeName="executor://xunit/VsTestRunner2/netcoreapp" className="FarmGear_Application.Tests.Controllers.EquipmentControllerTests" name="CreateEquipment_NoPermission_ReturnsForbid" />
    </UnitTest>
  </TestDefinitions>
  <TestEntries>
    <TestEntry testId="72ef346c-0cc5-19be-ca59-ff625649ef64" executionId="e942259d-0a52-4dc4-8dad-4c061f016503" testListId="8c84fa94-04c1-424b-9868-57a2d4851a1d" />
    <TestEntry testId="ad6e4cb6-11b0-fac9-f91e-c2553f41b5bf" executionId="a2e31a83-38e9-4bdd-b8aa-23a2abc48744" testListId="8c84fa94-04c1-424b-9868-57a2d4851a1d" />
    <TestEntry testId="16282afc-407c-a57f-ea15-ba7c43ae98cf" executionId="bc6b2224-61d8-4b25-90a4-140dc76febe6" testListId="8c84fa94-04c1-424b-9868-57a2d4851a1d" />
    <TestEntry testId="ace5f719-1406-f845-d87d-f7398c862269" executionId="48533a52-d088-4c6a-bf77-47277d2004a8" testListId="8c84fa94-04c1-424b-9868-57a2d4851a1d" />
    <TestEntry testId="1c54b09a-3a35-2396-4214-b9ae98b8ac11" executionId="fadd8751-8604-46bf-8123-9fad03a056de" testListId="8c84fa94-04c1-424b-9868-57a2d4851a1d" />
    <TestEntry testId="374e1850-00a9-9380-78d8-24f57b72af6c" executionId="1f434c53-bd25-4b5c-909d-78512e659373" testListId="8c84fa94-04c1-424b-9868-57a2d4851a1d" />
    <TestEntry testId="1dcc2a84-b1ea-dab9-874c-567be9e423ef" executionId="7caa0fc8-0fb2-494c-90b8-356da8e51a8f" testListId="8c84fa94-04c1-424b-9868-57a2d4851a1d" />
    <TestEntry testId="df57ce66-fcd7-e157-3a04-8493cada1bcc" executionId="b0b498c4-7c2e-47a1-8837-35c27fda3f60" testListId="8c84fa94-04c1-424b-9868-57a2d4851a1d" />
    <TestEntry testId="a23b123c-5f3d-df99-f44e-2d75fd77364f" executionId="75022ad3-88a5-49ac-9bd2-a6abad078320" testListId="8c84fa94-04c1-424b-9868-57a2d4851a1d" />
    <TestEntry testId="ae842265-aeb6-27e0-8735-d14fbf690c0e" executionId="7e09da7d-5375-473b-8bb8-0f2ea2af2c10" testListId="8c84fa94-04c1-424b-9868-57a2d4851a1d" />
    <TestEntry testId="36585ab8-3b12-1b2c-823d-878646d3d9e6" executionId="1703df1a-2be2-4427-9a4d-3740afa2131b" testListId="8c84fa94-04c1-424b-9868-57a2d4851a1d" />
    <TestEntry testId="6e948fbe-dfca-5407-b16b-f3c8cc618d7f" executionId="24e2f1f6-030f-444b-8af5-e7391bf44ed3" testListId="8c84fa94-04c1-424b-9868-57a2d4851a1d" />
    <TestEntry testId="01904536-e7b9-5443-0afa-2ae8d1d53f35" executionId="e0d21a11-d9af-4b8e-ad51-0a000e8e42ac" testListId="8c84fa94-04c1-424b-9868-57a2d4851a1d" />
    <TestEntry testId="c01f0462-7e97-d1e8-077f-007ceb5265e2" executionId="da49ba16-6218-4846-b0e4-a26e2ba9c1cf" testListId="8c84fa94-04c1-424b-9868-57a2d4851a1d" />
    <TestEntry testId="ab6668f5-9f1c-61e9-11d1-73b7c48e73da" executionId="c8a8a42f-99b7-4771-b6f4-02a83af5316a" testListId="8c84fa94-04c1-424b-9868-57a2d4851a1d" />
    <TestEntry testId="504f0580-e0a7-403a-8567-4ee7d3c5e07e" executionId="0b161e0c-8934-47b9-804e-b92d209d0669" testListId="8c84fa94-04c1-424b-9868-57a2d4851a1d" />
    <TestEntry testId="0eb500c4-1f9f-b43d-78f1-6c776704ac62" executionId="fe247955-833b-4797-9a33-a85afd879315" testListId="8c84fa94-04c1-424b-9868-57a2d4851a1d" />
    <TestEntry testId="4c271616-2702-6f35-f868-71c3bc834c1b" executionId="7b71cf2f-6a0c-4300-ad09-d34ccb4715b2" testListId="8c84fa94-04c1-424b-9868-57a2d4851a1d" />
    <TestEntry testId="80da0148-e164-44ce-d643-3226320767d8" executionId="7a0efd71-b45f-4037-ba2d-55dd16d1b471" testListId="8c84fa94-04c1-424b-9868-57a2d4851a1d" />
    <TestEntry testId="49a4922e-0c80-1176-9bdf-71427c7bff3c" executionId="1d9f020f-e026-4b1e-a2de-9509bf4423c2" testListId="8c84fa94-04c1-424b-9868-57a2d4851a1d" />
    <TestEntry testId="2254a4ac-9d63-5561-2b5d-7b2f56bb3320" executionId="41023c65-ca47-4119-9427-711c44c3d007" testListId="8c84fa94-04c1-424b-9868-57a2d4851a1d" />
    <TestEntry testId="530e2346-3f5a-3c4d-b692-8271ccffd095" executionId="0e849bbf-0ba6-49a9-a5b0-9c23622938ac" testListId="8c84fa94-04c1-424b-9868-57a2d4851a1d" />
    <TestEntry testId="45e4ee7d-da63-fb10-3e29-938737680d4b" executionId="7606cb7d-f852-45e2-8873-e004a0cf947a" testListId="8c84fa94-04c1-424b-9868-57a2d4851a1d" />
    <TestEntry testId="4f22438f-f929-4208-031f-2f33ad62c650" executionId="914507e5-237d-43b6-a234-2d5f01ca524c" testListId="8c84fa94-04c1-424b-9868-57a2d4851a1d" />
    <TestEntry testId="c0de3765-13d9-3248-c4b9-5e4551b7eea2" executionId="c799b717-9af4-4ae5-8a9e-ef5302265235" testListId="8c84fa94-04c1-424b-9868-57a2d4851a1d" />
    <TestEntry testId="959281b8-19a1-79f6-09e4-7707bf4ae16e" executionId="cf1b4079-ad66-418f-8421-57ea4715110d" testListId="8c84fa94-04c1-424b-9868-57a2d4851a1d" />
    <TestEntry testId="eaeffcb3-952b-bbd7-1403-39ce71726f30" executionId="fbe109cb-c4df-4fef-aeec-1da1d342508c" testListId="8c84fa94-04c1-424b-9868-57a2d4851a1d" />
    <TestEntry testId="fbfb5f36-2132-d82c-059a-f342d1713dbb" executionId="80a72418-0670-4150-acfd-d08c4215a05e" testListId="8c84fa94-04c1-424b-9868-57a2d4851a1d" />
    <TestEntry testId="160455ca-6b78-f971-6df4-a407960ebb1f" executionId="e8d28732-fba6-4ba8-89fb-b919d23cb4f8" testListId="8c84fa94-04c1-424b-9868-57a2d4851a1d" />
  </TestEntries>
  <TestLists>
    <TestList name="列表中未列出的结果" id="8c84fa94-04c1-424b-9868-57a2d4851a1d" />
    <TestList name="所有已加载的结果" id="19431567-8539-422a-85d7-44ee4e166bda" />
  </TestLists>
  <ResultSummary outcome="Failed">
    <Counters total="29" executed="29" passed="25" failed="4" error="0" timeout="0" aborted="0" inconclusive="0" passedButRunAborted="0" notRunnable="0" notExecuted="0" disconnected="0" warning="0" completed="0" inProgress="0" pending="0" />
    <Output>
      <StdOut>[xUnit.net 00:00:00.00] xUnit.net VSTest Adapter v2.5.6+bf9b858c26 (64-bit .NET 8.0.16)&#xD;
[xUnit.net 00:00:00.05]   Discovering: FarmGear_Application.Tests&#xD;
[xUnit.net 00:00:00.07]   Discovered:  FarmGear_Application.Tests&#xD;
[xUnit.net 00:00:00.07]   Starting:    FarmGear_Application.Tests&#xD;
info: Microsoft.EntityFrameworkCore.Update[30100]&#xD;
      Saved 0 entities to in-memory store.&#xD;
info: Microsoft.EntityFrameworkCore.Update[30100]&#xD;
      Saved 1 entities to in-memory store.&#xD;
info: FarmGear_Application.Services.RoleSeedService[0]&#xD;
      Role Farmer created successfully&#xD;
info: Microsoft.EntityFrameworkCore.Update[30100]&#xD;
      Saved 1 entities to in-memory store.&#xD;
info: FarmGear_Application.Services.RoleSeedService[0]&#xD;
      Role Provider created successfully&#xD;
info: Microsoft.EntityFrameworkCore.Update[30100]&#xD;
      Saved 1 entities to in-memory store.&#xD;
info: FarmGear_Application.Services.RoleSeedService[0]&#xD;
      Role Official created successfully&#xD;
info: Microsoft.EntityFrameworkCore.Update[30100]&#xD;
      Saved 1 entities to in-memory store.&#xD;
info: FarmGear_Application.Services.RoleSeedService[0]&#xD;
      Role Admin created successfully&#xD;
info: FarmGear_Application.Services.RoleSeedService[0]&#xD;
      Role Farmer already exists&#xD;
info: FarmGear_Application.Services.RoleSeedService[0]&#xD;
      Role Provider already exists&#xD;
info: FarmGear_Application.Services.RoleSeedService[0]&#xD;
      Role Official already exists&#xD;
info: FarmGear_Application.Services.RoleSeedService[0]&#xD;
      Role Admin already exists&#xD;
info: Microsoft.EntityFrameworkCore.Update[30100]&#xD;
      Saved 1 entities to in-memory store.&#xD;
info: Microsoft.EntityFrameworkCore.Update[30100]&#xD;
      Saved 2 entities to in-memory store.&#xD;
info: FarmGear_Application.Services.EnhancedJwtService[0]&#xD;
      Generated token and cached session for user 60dff372-25ca-4036-9e2f-76d052dbdbd1&#xD;
warn: Microsoft.AspNetCore.HttpsPolicy.HttpsRedirectionMiddleware[3]&#xD;
      Failed to determine the https port for redirect.&#xD;
fail: FarmGear_Application.Services.JwtBlacklistValidator[0]&#xD;
      Token validation failed&#xD;
      Microsoft.IdentityModel.Tokens.SecurityTokenSignatureKeyNotFoundException: IDX10500: Signature validation failed. No security keys were provided to validate the signature.&#xD;
         at System.IdentityModel.Tokens.Jwt.JwtSecurityTokenHandler.ValidateSignature(String token, JwtSecurityToken jwtToken, TokenValidationParameters validationParameters, BaseConfiguration configuration)&#xD;
         at System.IdentityModel.Tokens.Jwt.JwtSecurityTokenHandler.ValidateSignatureAndIssuerSecurityKey(String token, JwtSecurityToken jwtToken, TokenValidationParameters validationParameters, BaseConfiguration configuration)&#xD;
         at System.IdentityModel.Tokens.Jwt.JwtSecurityTokenHandler.ValidateJWS(String token, TokenValidationParameters validationParameters, BaseConfiguration currentConfiguration, SecurityToken&amp; signatureValidatedToken, ExceptionDispatchInfo&amp; exceptionThrown)&#xD;
      --- End of stack trace from previous location ---&#xD;
         at System.IdentityModel.Tokens.Jwt.JwtSecurityTokenHandler.ValidateToken(String token, JwtSecurityToken outerToken, TokenValidationParameters validationParameters, SecurityToken&amp; signatureValidatedToken)&#xD;
         at System.IdentityModel.Tokens.Jwt.JwtSecurityTokenHandler.ValidateToken(String token, TokenValidationParameters validationParameters, SecurityToken&amp; validatedToken)&#xD;
         at FarmGear_Application.Services.JwtBlacklistValidator.ValidateToken(String securityToken, TokenValidationParameters validationParameters, SecurityToken&amp; validatedToken) in D:\CICDtest\test-cicd-project\test-cicd-project\FarmGear_Application\Services\JwtBlacklistValidator.cs:line 48&#xD;
[xUnit.net 00:00:00.89]       Expected response.StatusCode to be HttpStatusCode.OK {value: 200}, but found HttpStatusCode.Unauthorized {value: 401}.&#xD;
[xUnit.net 00:00:00.89]       Stack Trace:&#xD;
[xUnit.net 00:00:00.90]            at FluentAssertions.Execution.XUnit2TestFramework.Throw(String message)&#xD;
[xUnit.net 00:00:00.90]            at FluentAssertions.Execution.TestFrameworkProvider.Throw(String message)&#xD;
[xUnit.net 00:00:00.90]            at FluentAssertions.Execution.DefaultAssertionStrategy.HandleFailure(String message)&#xD;
[xUnit.net 00:00:00.90]            at FluentAssertions.Execution.AssertionScope.FailWith(Func`1 failReasonFunc)&#xD;
[xUnit.net 00:00:00.90]            at FluentAssertions.Execution.AssertionScope.FailWith(Func`1 failReasonFunc)&#xD;
[xUnit.net 00:00:00.90]            at FluentAssertions.Execution.AssertionScope.FailWith(String message, Object[] args)&#xD;
[xUnit.net 00:00:00.90]            at FluentAssertions.Primitives.EnumAssertions`2.Be(TEnum expected, String because, Object[] becauseArgs)&#xD;
[xUnit.net 00:00:00.90]         D:\CICDtest\test-cicd-project\test-cicd-project\FarmGear_Application.Tests\Integration\EquipmentControllerIntegrationTests.cs(343,0): at FarmGear_Application.Tests.Integration.EquipmentControllerIntegrationTests.GetMyEquipmentList_WithAuthentication_ReturnsSuccess()&#xD;
[xUnit.net 00:00:00.90]         --- End of stack trace from previous location ---&#xD;
info: FarmGear_Application.Services.RoleSeedService[0]&#xD;
      Role Farmer already exists&#xD;
info: FarmGear_Application.Services.RoleSeedService[0]&#xD;
      Role Provider already exists&#xD;
info: FarmGear_Application.Services.RoleSeedService[0]&#xD;
      Role Official already exists&#xD;
info: FarmGear_Application.Services.RoleSeedService[0]&#xD;
      Role Admin already exists&#xD;
info: FarmGear_Application.Services.RoleSeedService[0]&#xD;
      Role Farmer already exists&#xD;
info: FarmGear_Application.Services.RoleSeedService[0]&#xD;
      Role Provider already exists&#xD;
info: FarmGear_Application.Services.RoleSeedService[0]&#xD;
      Role Official already exists&#xD;
info: FarmGear_Application.Services.RoleSeedService[0]&#xD;
      Role Admin already exists&#xD;
info: FarmGear_Application.Services.EnhancedJwtService[0]&#xD;
      Generated token and cached session for user 60dff372-25ca-4036-9e2f-76d052dbdbd1&#xD;
warn: Microsoft.AspNetCore.HttpsPolicy.HttpsRedirectionMiddleware[3]&#xD;
      Failed to determine the https port for redirect.&#xD;
info: FarmGear_Application.Services.RoleSeedService[0]&#xD;
      Role Farmer already exists&#xD;
info: FarmGear_Application.Services.RoleSeedService[0]&#xD;
      Role Provider already exists&#xD;
info: FarmGear_Application.Services.RoleSeedService[0]&#xD;
      Role Official already exists&#xD;
info: FarmGear_Application.Services.RoleSeedService[0]&#xD;
      Role Admin already exists&#xD;
info: FarmGear_Application.Services.RoleSeedService[0]&#xD;
      Role Farmer already exists&#xD;
info: FarmGear_Application.Services.RoleSeedService[0]&#xD;
      Role Provider already exists&#xD;
info: FarmGear_Application.Services.RoleSeedService[0]&#xD;
      Role Official already exists&#xD;
info: FarmGear_Application.Services.RoleSeedService[0]&#xD;
      Role Admin already exists&#xD;
info: FarmGear_Application.Services.EnhancedJwtService[0]&#xD;
      Generated token and cached session for user 60dff372-25ca-4036-9e2f-76d052dbdbd1&#xD;
warn: Microsoft.AspNetCore.HttpsPolicy.HttpsRedirectionMiddleware[3]&#xD;
      Failed to determine the https port for redirect.&#xD;
[xUnit.net 00:00:01.04]       System.InvalidOperationException : Each parameter in the deserialization constructor on type 'FarmGear_Application.DTOs.PaginatedList`1[FarmGear_Application.DTOs.Equipment.EquipmentViewDto]' must bind to an object property or field on deserialization. Each parameter name must match with a property or field on the object. Fields are only considered when 'JsonSerializerOptions.IncludeFields' is enabled. The match can be case-insensitive.&#xD;
[xUnit.net 00:00:01.04]       Stack Trace:&#xD;
[xUnit.net 00:00:01.04]            at System.Text.Json.ThrowHelper.ThrowInvalidOperationException_ConstructorParameterIncompleteBinding(Type parentType)&#xD;
[xUnit.net 00:00:01.04]            at System.Text.Json.Serialization.Converters.ObjectWithParameterizedConstructorConverter`1.OnTryRead(Utf8JsonReader&amp; reader, Type typeToConvert, JsonSerializerOptions options, ReadStack&amp; state, T&amp; value)&#xD;
[xUnit.net 00:00:01.04]            at System.Text.Json.Serialization.JsonConverter`1.TryRead(Utf8JsonReader&amp; reader, Type typeToConvert, JsonSerializerOptions options, ReadStack&amp; state, T&amp; value, Boolean&amp; isPopulatedValue)&#xD;
[xUnit.net 00:00:01.04]            at System.Text.Json.Serialization.Metadata.JsonPropertyInfo`1.ReadJsonAndSetMember(Object obj, ReadStack&amp; state, Utf8JsonReader&amp; reader)&#xD;
[xUnit.net 00:00:01.04]            at System.Text.Json.Serialization.Converters.ObjectDefaultConverter`1.OnTryRead(Utf8JsonReader&amp; reader, Type typeToConvert, JsonSerializerOptions options, ReadStack&amp; state, T&amp; value)&#xD;
[xUnit.net 00:00:01.04]            at System.Text.Json.Serialization.JsonConverter`1.TryRead(Utf8JsonReader&amp; reader, Type typeToConvert, JsonSerializerOptions options, ReadStack&amp; state, T&amp; value, Boolean&amp; isPopulatedValue)&#xD;
[xUnit.net 00:00:01.04]            at System.Text.Json.Serialization.JsonConverter`1.ReadCore(Utf8JsonReader&amp; reader, T&amp; value, JsonSerializerOptions options, ReadStack&amp; state)&#xD;
[xUnit.net 00:00:01.04]            at System.Text.Json.Serialization.Metadata.JsonTypeInfo`1.ContinueDeserialize(ReadBufferState&amp; bufferState, JsonReaderState&amp; jsonReaderState, ReadStack&amp; readStack, T&amp; value)&#xD;
[xUnit.net 00:00:01.04]            at System.Text.Json.Serialization.Metadata.JsonTypeInfo`1.DeserializeAsync(Stream utf8Json, CancellationToken cancellationToken)&#xD;
[xUnit.net 00:00:01.04]            at System.Net.Http.Json.HttpContentJsonExtensions.ReadFromJsonAsyncCore[T](HttpContent content, JsonSerializerOptions options, CancellationToken cancellationToken)&#xD;
[xUnit.net 00:00:01.04]         D:\CICDtest\test-cicd-project\test-cicd-project\FarmGear_Application.Tests\Integration\EquipmentControllerIntegrationTests.cs(414,0): at FarmGear_Application.Tests.Integration.EquipmentControllerIntegrationTests.GetEquipmentList_WithQueryParameters_ReturnsFilteredResults()&#xD;
[xUnit.net 00:00:01.04]         --- End of stack trace from previous location ---&#xD;
info: FarmGear_Application.Services.RoleSeedService[0]&#xD;
      Role Farmer already exists&#xD;
info: FarmGear_Application.Services.RoleSeedService[0]&#xD;
      Role Provider already exists&#xD;
info: FarmGear_Application.Services.RoleSeedService[0]&#xD;
      Role Official already exists&#xD;
info: FarmGear_Application.Services.RoleSeedService[0]&#xD;
      Role Admin already exists&#xD;
info: FarmGear_Application.Services.RoleSeedService[0]&#xD;
      Role Farmer already exists&#xD;
info: FarmGear_Application.Services.RoleSeedService[0]&#xD;
      Role Provider already exists&#xD;
info: FarmGear_Application.Services.RoleSeedService[0]&#xD;
      Role Official already exists&#xD;
info: FarmGear_Application.Services.RoleSeedService[0]&#xD;
      Role Admin already exists&#xD;
info: FarmGear_Application.Services.EnhancedJwtService[0]&#xD;
      Generated token and cached session for user 60dff372-25ca-4036-9e2f-76d052dbdbd1&#xD;
warn: Microsoft.AspNetCore.HttpsPolicy.HttpsRedirectionMiddleware[3]&#xD;
      Failed to determine the https port for redirect.&#xD;
info: FarmGear_Application.Services.RoleSeedService[0]&#xD;
      Role Farmer already exists&#xD;
info: FarmGear_Application.Services.RoleSeedService[0]&#xD;
      Role Provider already exists&#xD;
info: FarmGear_Application.Services.RoleSeedService[0]&#xD;
      Role Official already exists&#xD;
info: FarmGear_Application.Services.RoleSeedService[0]&#xD;
      Role Admin already exists&#xD;
info: FarmGear_Application.Services.RoleSeedService[0]&#xD;
      Role Farmer already exists&#xD;
info: FarmGear_Application.Services.RoleSeedService[0]&#xD;
      Role Provider already exists&#xD;
info: FarmGear_Application.Services.RoleSeedService[0]&#xD;
      Role Official already exists&#xD;
info: FarmGear_Application.Services.RoleSeedService[0]&#xD;
      Role Admin already exists&#xD;
info: FarmGear_Application.Services.EnhancedJwtService[0]&#xD;
      Generated token and cached session for user 60dff372-25ca-4036-9e2f-76d052dbdbd1&#xD;
warn: Microsoft.AspNetCore.HttpsPolicy.HttpsRedirectionMiddleware[3]&#xD;
      Failed to determine the https port for redirect.&#xD;
info: FarmGear_Application.Services.RoleSeedService[0]&#xD;
      Role Farmer already exists&#xD;
info: FarmGear_Application.Services.RoleSeedService[0]&#xD;
      Role Provider already exists&#xD;
info: FarmGear_Application.Services.RoleSeedService[0]&#xD;
      Role Official already exists&#xD;
info: FarmGear_Application.Services.RoleSeedService[0]&#xD;
      Role Admin already exists&#xD;
info: FarmGear_Application.Services.RoleSeedService[0]&#xD;
      Role Farmer already exists&#xD;
info: FarmGear_Application.Services.RoleSeedService[0]&#xD;
      Role Provider already exists&#xD;
info: FarmGear_Application.Services.RoleSeedService[0]&#xD;
      Role Official already exists&#xD;
info: FarmGear_Application.Services.RoleSeedService[0]&#xD;
      Role Admin already exists&#xD;
info: FarmGear_Application.Services.EnhancedJwtService[0]&#xD;
      Generated token and cached session for user 60dff372-25ca-4036-9e2f-76d052dbdbd1&#xD;
warn: Microsoft.AspNetCore.HttpsPolicy.HttpsRedirectionMiddleware[3]&#xD;
      Failed to determine the https port for redirect.&#xD;
info: FarmGear_Application.Services.RoleSeedService[0]&#xD;
      Role Farmer already exists&#xD;
info: FarmGear_Application.Services.RoleSeedService[0]&#xD;
      Role Provider already exists&#xD;
info: FarmGear_Application.Services.RoleSeedService[0]&#xD;
      Role Official already exists&#xD;
info: FarmGear_Application.Services.RoleSeedService[0]&#xD;
      Role Admin already exists&#xD;
info: FarmGear_Application.Services.RoleSeedService[0]&#xD;
      Role Farmer already exists&#xD;
info: FarmGear_Application.Services.RoleSeedService[0]&#xD;
      Role Provider already exists&#xD;
info: FarmGear_Application.Services.RoleSeedService[0]&#xD;
      Role Official already exists&#xD;
info: FarmGear_Application.Services.RoleSeedService[0]&#xD;
      Role Admin already exists&#xD;
info: FarmGear_Application.Services.EnhancedJwtService[0]&#xD;
      Generated token and cached session for user 60dff372-25ca-4036-9e2f-76d052dbdbd1&#xD;
warn: Microsoft.AspNetCore.HttpsPolicy.HttpsRedirectionMiddleware[3]&#xD;
      Failed to determine the https port for redirect.&#xD;
fail: FarmGear_Application.Services.JwtBlacklistValidator[0]&#xD;
      Token validation failed&#xD;
      Microsoft.IdentityModel.Tokens.SecurityTokenSignatureKeyNotFoundException: IDX10500: Signature validation failed. No security keys were provided to validate the signature.&#xD;
         at System.IdentityModel.Tokens.Jwt.JwtSecurityTokenHandler.ValidateSignature(String token, JwtSecurityToken jwtToken, TokenValidationParameters validationParameters, BaseConfiguration configuration)&#xD;
         at System.IdentityModel.Tokens.Jwt.JwtSecurityTokenHandler.ValidateSignatureAndIssuerSecurityKey(String token, JwtSecurityToken jwtToken, TokenValidationParameters validationParameters, BaseConfiguration configuration)&#xD;
         at System.IdentityModel.Tokens.Jwt.JwtSecurityTokenHandler.ValidateJWS(String token, TokenValidationParameters validationParameters, BaseConfiguration currentConfiguration, SecurityToken&amp; signatureValidatedToken, ExceptionDispatchInfo&amp; exceptionThrown)&#xD;
      --- End of stack trace from previous location ---&#xD;
         at System.IdentityModel.Tokens.Jwt.JwtSecurityTokenHandler.ValidateToken(String token, JwtSecurityToken outerToken, TokenValidationParameters validationParameters, SecurityToken&amp; signatureValidatedToken)&#xD;
         at System.IdentityModel.Tokens.Jwt.JwtSecurityTokenHandler.ValidateToken(String token, TokenValidationParameters validationParameters, SecurityToken&amp; validatedToken)&#xD;
         at FarmGear_Application.Services.JwtBlacklistValidator.ValidateToken(String securityToken, TokenValidationParameters validationParameters, SecurityToken&amp; validatedToken) in D:\CICDtest\test-cicd-project\test-cicd-project\FarmGear_Application\Services\JwtBlacklistValidator.cs:line 48&#xD;
[xUnit.net 00:00:01.13]       Expected response.StatusCode to be HttpStatusCode.Created {value: 201}, but found HttpStatusCode.Unauthorized {value: 401}.&#xD;
[xUnit.net 00:00:01.13]       Stack Trace:&#xD;
[xUnit.net 00:00:01.13]            at FluentAssertions.Execution.XUnit2TestFramework.Throw(String message)&#xD;
[xUnit.net 00:00:01.13]            at FluentAssertions.Execution.TestFrameworkProvider.Throw(String message)&#xD;
[xUnit.net 00:00:01.13]            at FluentAssertions.Execution.DefaultAssertionStrategy.HandleFailure(String message)&#xD;
[xUnit.net 00:00:01.13]            at FluentAssertions.Execution.AssertionScope.FailWith(Func`1 failReasonFunc)&#xD;
[xUnit.net 00:00:01.13]            at FluentAssertions.Execution.AssertionScope.FailWith(Func`1 failReasonFunc)&#xD;
[xUnit.net 00:00:01.13]            at FluentAssertions.Execution.AssertionScope.FailWith(String message, Object[] args)&#xD;
[xUnit.net 00:00:01.13]            at FluentAssertions.Primitives.EnumAssertions`2.Be(TEnum expected, String because, Object[] becauseArgs)&#xD;
[xUnit.net 00:00:01.13]         D:\CICDtest\test-cicd-project\test-cicd-project\FarmGear_Application.Tests\Integration\EquipmentControllerIntegrationTests.cs(302,0): at FarmGear_Application.Tests.Integration.EquipmentControllerIntegrationTests.CreateEquipment_WithAuthentication_ReturnsCreated()&#xD;
[xUnit.net 00:00:01.13]         --- End of stack trace from previous location ---&#xD;
info: FarmGear_Application.Services.RoleSeedService[0]&#xD;
      Role Farmer already exists&#xD;
info: FarmGear_Application.Services.RoleSeedService[0]&#xD;
      Role Provider already exists&#xD;
info: FarmGear_Application.Services.RoleSeedService[0]&#xD;
      Role Official already exists&#xD;
info: FarmGear_Application.Services.RoleSeedService[0]&#xD;
      Role Admin already exists&#xD;
info: FarmGear_Application.Services.RoleSeedService[0]&#xD;
      Role Farmer already exists&#xD;
info: FarmGear_Application.Services.RoleSeedService[0]&#xD;
      Role Provider already exists&#xD;
info: FarmGear_Application.Services.RoleSeedService[0]&#xD;
      Role Official already exists&#xD;
info: FarmGear_Application.Services.RoleSeedService[0]&#xD;
      Role Admin already exists&#xD;
info: FarmGear_Application.Services.EnhancedJwtService[0]&#xD;
      Generated token and cached session for user 60dff372-25ca-4036-9e2f-76d052dbdbd1&#xD;
warn: Microsoft.AspNetCore.HttpsPolicy.HttpsRedirectionMiddleware[3]&#xD;
      Failed to determine the https port for redirect.&#xD;
[xUnit.net 00:00:01.17]       System.InvalidOperationException : Each parameter in the deserialization constructor on type 'FarmGear_Application.DTOs.PaginatedList`1[FarmGear_Application.DTOs.Equipment.EquipmentViewDto]' must bind to an object property or field on deserialization. Each parameter name must match with a property or field on the object. Fields are only considered when 'JsonSerializerOptions.IncludeFields' is enabled. The match can be case-insensitive.&#xD;
[xUnit.net 00:00:01.17]       Stack Trace:&#xD;
[xUnit.net 00:00:01.17]            at System.Text.Json.ThrowHelper.ThrowInvalidOperationException_ConstructorParameterIncompleteBinding(Type parentType)&#xD;
[xUnit.net 00:00:01.17]            at System.Text.Json.Serialization.Converters.ObjectWithParameterizedConstructorConverter`1.OnTryRead(Utf8JsonReader&amp; reader, Type typeToConvert, JsonSerializerOptions options, ReadStack&amp; state, T&amp; value)&#xD;
[xUnit.net 00:00:01.17]            at System.Text.Json.Serialization.JsonConverter`1.TryRead(Utf8JsonReader&amp; reader, Type typeToConvert, JsonSerializerOptions options, ReadStack&amp; state, T&amp; value, Boolean&amp; isPopulatedValue)&#xD;
[xUnit.net 00:00:01.17]            at System.Text.Json.Serialization.Metadata.JsonPropertyInfo`1.ReadJsonAndSetMember(Object obj, ReadStack&amp; state, Utf8JsonReader&amp; reader)&#xD;
[xUnit.net 00:00:01.17]            at System.Text.Json.Serialization.Converters.ObjectDefaultConverter`1.OnTryRead(Utf8JsonReader&amp; reader, Type typeToConvert, JsonSerializerOptions options, ReadStack&amp; state, T&amp; value)&#xD;
[xUnit.net 00:00:01.17]            at System.Text.Json.Serialization.JsonConverter`1.TryRead(Utf8JsonReader&amp; reader, Type typeToConvert, JsonSerializerOptions options, ReadStack&amp; state, T&amp; value, Boolean&amp; isPopulatedValue)&#xD;
[xUnit.net 00:00:01.17]            at System.Text.Json.Serialization.JsonConverter`1.ReadCore(Utf8JsonReader&amp; reader, T&amp; value, JsonSerializerOptions options, ReadStack&amp; state)&#xD;
[xUnit.net 00:00:01.17]            at System.Text.Json.Serialization.Metadata.JsonTypeInfo`1.ContinueDeserialize(ReadBufferState&amp; bufferState, JsonReaderState&amp; jsonReaderState, ReadStack&amp; readStack, T&amp; value)&#xD;
[xUnit.net 00:00:01.17]            at System.Text.Json.Serialization.Metadata.JsonTypeInfo`1.DeserializeAsync(Stream utf8Json, CancellationToken cancellationToken)&#xD;
[xUnit.net 00:00:01.17]            at System.Net.Http.Json.HttpContentJsonExtensions.ReadFromJsonAsyncCore[T](HttpContent content, JsonSerializerOptions options, CancellationToken cancellationToken)&#xD;
[xUnit.net 00:00:01.17]         D:\CICDtest\test-cicd-project\test-cicd-project\FarmGear_Application.Tests\Integration\EquipmentControllerIntegrationTests.cs(240,0): at FarmGear_Application.Tests.Integration.EquipmentControllerIntegrationTests.GetEquipmentList_ReturnsSuccessAndCorrectFormat()&#xD;
[xUnit.net 00:00:01.17]         --- End of stack trace from previous location ---&#xD;
info: FarmGear_Application.Services.RoleSeedService[0]&#xD;
      Role Farmer already exists&#xD;
info: FarmGear_Application.Services.RoleSeedService[0]&#xD;
      Role Provider already exists&#xD;
info: FarmGear_Application.Services.RoleSeedService[0]&#xD;
      Role Official already exists&#xD;
info: FarmGear_Application.Services.RoleSeedService[0]&#xD;
      Role Admin already exists&#xD;
info: FarmGear_Application.Services.RoleSeedService[0]&#xD;
      Role Farmer already exists&#xD;
info: FarmGear_Application.Services.RoleSeedService[0]&#xD;
      Role Provider already exists&#xD;
info: FarmGear_Application.Services.RoleSeedService[0]&#xD;
      Role Official already exists&#xD;
info: FarmGear_Application.Services.RoleSeedService[0]&#xD;
      Role Admin already exists&#xD;
info: FarmGear_Application.Services.EnhancedJwtService[0]&#xD;
      Generated token and cached session for user 60dff372-25ca-4036-9e2f-76d052dbdbd1&#xD;
warn: Microsoft.AspNetCore.HttpsPolicy.HttpsRedirectionMiddleware[3]&#xD;
      Failed to determine the https port for redirect.&#xD;
[xUnit.net 00:00:01.19]   Finished:    FarmGear_Application.Tests&#xD;
</StdOut>
    </Output>
    <RunInfos>
      <RunInfo computerName="CY" outcome="Error" timestamp="2025-06-25T13:30:18.9846517+08:00">
        <Text>[xUnit.net 00:00:00.89]     FarmGear_Application.Tests.Integration.EquipmentControllerIntegrationTests.GetMyEquipmentList_WithAuthentication_ReturnsSuccess [FAIL]</Text>
      </RunInfo>
      <RunInfo computerName="CY" outcome="Error" timestamp="2025-06-25T13:30:19.1357228+08:00">
        <Text>[xUnit.net 00:00:01.04]     FarmGear_Application.Tests.Integration.EquipmentControllerIntegrationTests.GetEquipmentList_WithQueryParameters_ReturnsFilteredResults [FAIL]</Text>
      </RunInfo>
      <RunInfo computerName="CY" outcome="Error" timestamp="2025-06-25T13:30:19.2250206+08:00">
        <Text>[xUnit.net 00:00:01.13]     FarmGear_Application.Tests.Integration.EquipmentControllerIntegrationTests.CreateEquipment_WithAuthentication_ReturnsCreated [FAIL]</Text>
      </RunInfo>
      <RunInfo computerName="CY" outcome="Error" timestamp="2025-06-25T13:30:19.2689152+08:00">
        <Text>[xUnit.net 00:00:01.17]     FarmGear_Application.Tests.Integration.EquipmentControllerIntegrationTests.GetEquipmentList_ReturnsSuccessAndCorrectFormat [FAIL]</Text>
      </RunInfo>
    </RunInfos>
  </ResultSummary>
</TestRun>